<?xml version="1.0" ?>
<!DOCTYPE coverage SYSTEM "https://cobertura.sourceforge.net/xml/coverage-04.dtd">
<coverage branch-rate="0" branches-covered="0" branches-valid="0" complexity="0" line-rate="0.9135446685878963" lines-covered="317" lines-valid="347" timestamp="1783414977" version="2.0.3">
    <sources>
        <source>/home/dsk/sanbox/Rust/execenv/execenv</source>
    </sources>
    <packages>
        <package line-rate="0.9135446685878963" branch-rate="0" name="src" complexity="0">
            <classes>
                <class branch-rate="0" complexity="0" filename="src/args.rs" line-rate="1" name="src.args.rs">
                    <methods>
                        <method name="execenv::args::tests::exec_arg_with_empty_string::{closure#0}" signature="" complexity="0" line-rate="1" branch-rate="1">
                            <lines>
                                <line hits="1" number="135" branch="false"/>
                            </lines>
                        </method>
                        <method name="execenv::args::tests::exec_arg_with_empty_vector::{closure#0}" signature="" complexity="0" line-rate="1" branch-rate="1">
                            <lines>
                                <line hits="1" number="141" branch="false"/>
                            </lines>
                        </method>
                        <method name="execenv::args::tests::files_arg_with_empty_string::{closure#0}" signature="" complexity="0" line-rate="1" branch-rate="1">
                            <lines>
                                <line hits="1" number="117" branch="false"/>
                            </lines>
                        </method>
                        <method name="execenv::args::tests::files_arg_with_delimiter_only::{closure#0}" signature="" complexity="0" line-rate="1" branch-rate="1">
                            <lines>
                                <line hits="1" number="109" branch="false"/>
                            </lines>
                        </method>
                        <method name="&lt;execenv::args::FilesMapping&gt;::input" signature="" complexity="0" line-rate="1" branch-rate="1">
                            <lines>
                                <line hits="1" number="37" branch="false"/>
                            </lines>
                        </method>
                        <method name="&lt;execenv::args::FilesMapping&gt;::parse" signature="" complexity="0" line-rate="1" branch-rate="1">
                            <lines>
                                <line hits="1" number="20" branch="false"/>
                            </lines>
                        </method>
                        <method name="&lt;execenv::args::FilesMapping&gt;::output" signature="" complexity="0" line-rate="1" branch-rate="1">
                            <lines>
                                <line hits="1" number="41" branch="false"/>
                            </lines>
                        </method>
                        <method name="&lt;execenv::args::FilesMapping&gt;::input" signature="" complexity="0" line-rate="1" branch-rate="1">
                            <lines>
                                <line hits="2" number="37" branch="false"/>
                            </lines>
                        </method>
                        <method name="&lt;execenv::args::FilesMapping&gt;::parse" signature="" complexity="0" line-rate="1" branch-rate="1">
                            <lines>
                                <line hits="4" number="20" branch="false"/>
                            </lines>
                        </method>
                        <method name="&lt;execenv::args::FilesMapping&gt;::output" signature="" complexity="0" line-rate="1" branch-rate="1">
                            <lines>
                                <line hits="2" number="41" branch="false"/>
                            </lines>
                        </method>
                        <method name="&lt;execenv::args::ExecCommand&gt;::args" signature="" complexity="0" line-rate="0" branch-rate="0">
                            <lines>
                                <line hits="0" number="64" branch="false"/>
                            </lines>
                        </method>
                        <method name="&lt;execenv::args::ExecCommand&gt;::prog" signature="" complexity="0" line-rate="0" branch-rate="0">
                            <lines>
                                <line hits="0" number="60" branch="false"/>
                            </lines>
                        </method>
                        <method name="&lt;execenv::args::ExecCommand&gt;::parse" signature="" complexity="0" line-rate="0" branch-rate="0">
                            <lines>
                                <line hits="0" number="47" branch="false"/>
                            </lines>
                        </method>
                        <method name="&lt;execenv::args::ExecCommand&gt;::args" signature="" complexity="0" line-rate="1" branch-rate="1">
                            <lines>
                                <line hits="1" number="64" branch="false"/>
                            </lines>
                        </method>
                        <method name="&lt;execenv::args::ExecCommand&gt;::prog" signature="" complexity="0" line-rate="1" branch-rate="1">
                            <lines>
                                <line hits="2" number="60" branch="false"/>
                            </lines>
                        </method>
                        <method name="&lt;execenv::args::ExecCommand&gt;::parse" signature="" complexity="0" line-rate="1" branch-rate="1">
                            <lines>
                                <line hits="4" number="47" branch="false"/>
                            </lines>
                        </method>
                        <method name="execenv::args::tests::exec_arg_with_args" signature="" complexity="0" line-rate="1" branch-rate="1">
                            <lines>
                                <line hits="1" number="127" branch="false"/>
                            </lines>
                        </method>
                        <method name="execenv::args::tests::exec_arg_without_args" signature="" complexity="0" line-rate="1" branch-rate="1">
                            <lines>
                                <line hits="1" number="121" branch="false"/>
                            </lines>
                        </method>
                        <method name="execenv::args::tests::exec_arg_with_empty_string" signature="" complexity="0" line-rate="1" branch-rate="1">
                            <lines>
                                <line hits="1" number="133" branch="false"/>
                            </lines>
                        </method>
                        <method name="execenv::args::tests::exec_arg_with_empty_vector" signature="" complexity="0" line-rate="1" branch-rate="1">
                            <lines>
                                <line hits="1" number="139" branch="false"/>
                            </lines>
                        </method>
                        <method name="execenv::args::tests::files_arg_with_target_file" signature="" complexity="0" line-rate="1" branch-rate="1">
                            <lines>
                                <line hits="1" number="94" branch="false"/>
                            </lines>
                        </method>
                        <method name="execenv::args::tests::files_arg_with_empty_string" signature="" complexity="0" line-rate="1" branch-rate="1">
                            <lines>
                                <line hits="1" number="115" branch="false"/>
                            </lines>
                        </method>
                        <method name="execenv::args::tests::files_arg_with_delimiter_only" signature="" complexity="0" line-rate="1" branch-rate="1">
                            <lines>
                                <line hits="1" number="107" branch="false"/>
                            </lines>
                        </method>
                        <method name="execenv::args::tests::files_arg_without_target_file" signature="" complexity="0" line-rate="1" branch-rate="1">
                            <lines>
                                <line hits="1" number="87" branch="false"/>
                            </lines>
                        </method>
                        <method name="&lt;execenv::args::ExecCommand as core::fmt::Display&gt;::fmt" signature="" complexity="0" line-rate="0" branch-rate="0">
                            <lines>
                                <line hits="0" number="70" branch="false"/>
                            </lines>
                        </method>
                        <method name="&lt;execenv::args::ExecCommand as core::fmt::Display&gt;::fmt" signature="" complexity="0" line-rate="1" branch-rate="1">
                            <lines>
                                <line hits="2" number="70" branch="false"/>
                            </lines>
                        </method>
                    </methods>
                    <lines>
                        <line branch="false" hits="5" number="20"/>
                        <line branch="false" hits="5" number="21"/>
                        <line branch="false" hits="2" number="22"/>
                        <line branch="false" hits="3" number="23"/>
                        <line branch="false" hits="5" number="26"/>
                        <line branch="false" hits="5" number="27"/>
                        <line branch="false" hits="2" number="28"/>
                        <line branch="false" hits="3" number="31"/>
                        <line branch="false" hits="3" number="32"/>
                        <line branch="false" hits="3" number="33"/>
                        <line branch="false" hits="3" number="34"/>
                        <line branch="false" hits="5" number="35"/>
                        <line branch="false" hits="3" number="37"/>
                        <line branch="false" hits="3" number="38"/>
                        <line branch="false" hits="3" number="39"/>
                        <line branch="false" hits="3" number="41"/>
                        <line branch="false" hits="3" number="42"/>
                        <line branch="false" hits="3" number="43"/>
                        <line branch="false" hits="4" number="47"/>
                        <line branch="false" hits="4" number="48"/>
                        <line branch="false" hits="3" number="49"/>
                        <line branch="false" hits="2" number="51"/>
                        <line branch="false" hits="2" number="52"/>
                        <line branch="false" hits="2" number="53"/>
                        <line branch="false" hits="2" number="54"/>
                        <line branch="false" hits="2" number="56"/>
                        <line branch="false" hits="4" number="58"/>
                        <line branch="false" hits="2" number="60"/>
                        <line branch="false" hits="2" number="61"/>
                        <line branch="false" hits="2" number="62"/>
                        <line branch="false" hits="1" number="64"/>
                        <line branch="false" hits="1" number="65"/>
                        <line branch="false" hits="1" number="66"/>
                        <line branch="false" hits="2" number="70"/>
                        <line branch="false" hits="2" number="71"/>
                        <line branch="false" hits="2" number="72"/>
                        <line branch="false" hits="1" number="73"/>
                        <line branch="false" hits="1" number="74"/>
                        <line branch="false" hits="1" number="75"/>
                        <line branch="false" hits="2" number="76"/>
                        <line branch="false" hits="2" number="77"/>
                        <line branch="false" hits="1" number="87"/>
                        <line branch="false" hits="1" number="88"/>
                        <line branch="false" hits="1" number="89"/>
                        <line branch="false" hits="1" number="90"/>
                        <line branch="false" hits="1" number="91"/>
                        <line branch="false" hits="1" number="94"/>
                        <line branch="false" hits="1" number="95"/>
                        <line branch="false" hits="1" number="96"/>
                        <line branch="false" hits="1" number="97"/>
                        <line branch="false" hits="1" number="98"/>
                        <line branch="false" hits="1" number="99"/>
                        <line branch="false" hits="1" number="100"/>
                        <line branch="false" hits="1" number="101"/>
                        <line branch="false" hits="1" number="102"/>
                        <line branch="false" hits="1" number="104"/>
                        <line branch="false" hits="1" number="107"/>
                        <line branch="false" hits="1" number="108"/>
                        <line branch="false" hits="1" number="109"/>
                        <line branch="false" hits="1" number="110"/>
                        <line branch="false" hits="1" number="111"/>
                        <line branch="false" hits="1" number="112"/>
                        <line branch="false" hits="1" number="115"/>
                        <line branch="false" hits="1" number="116"/>
                        <line branch="false" hits="1" number="117"/>
                        <line branch="false" hits="1" number="118"/>
                        <line branch="false" hits="1" number="121"/>
                        <line branch="false" hits="1" number="122"/>
                        <line branch="false" hits="1" number="123"/>
                        <line branch="false" hits="1" number="124"/>
                        <line branch="false" hits="1" number="127"/>
                        <line branch="false" hits="1" number="128"/>
                        <line branch="false" hits="1" number="129"/>
                        <line branch="false" hits="1" number="130"/>
                        <line branch="false" hits="1" number="133"/>
                        <line branch="false" hits="1" number="134"/>
                        <line branch="false" hits="1" number="135"/>
                        <line branch="false" hits="1" number="136"/>
                        <line branch="false" hits="1" number="139"/>
                        <line branch="false" hits="1" number="140"/>
                        <line branch="false" hits="1" number="141"/>
                        <line branch="false" hits="1" number="142"/>
                    </lines>
                </class>
                <class branch-rate="0" complexity="0" filename="src/main.rs" line-rate="0.6666666666666666" name="src.main.rs">
                    <methods>
                        <method name="execenv::main" signature="" complexity="0" line-rate="1" branch-rate="1">
                            <lines>
                                <line hits="1" number="15" branch="false"/>
                            </lines>
                        </method>
                        <method name="execenv::main" signature="" complexity="0" line-rate="0" branch-rate="0">
                            <lines>
                                <line hits="0" number="15" branch="false"/>
                            </lines>
                        </method>
                    </methods>
                    <lines>
                        <line branch="false" hits="1" number="15"/>
                        <line branch="false" hits="1" number="16"/>
                        <line branch="false" hits="1" number="17"/>
                        <line branch="false" hits="1" number="18"/>
                        <line branch="false" hits="1" number="19"/>
                        <line branch="false" hits="1" number="20"/>
                        <line branch="false" hits="1" number="21"/>
                        <line branch="false" hits="1" number="22"/>
                        <line branch="false" hits="1" number="23"/>
                        <line branch="false" hits="0" number="25"/>
                        <line branch="false" hits="0" number="26"/>
                        <line branch="false" hits="0" number="27"/>
                        <line branch="false" hits="0" number="28"/>
                        <line branch="false" hits="0" number="29"/>
                        <line branch="false" hits="1" number="30"/>
                    </lines>
                </class>
                <class branch-rate="0" complexity="0" filename="src/run_process.rs" line-rate="1" name="src.run_process.rs">
                    <methods>
                        <method name="execenv::run_process::exec_proc::{closure#0}" signature="" complexity="0" line-rate="0" branch-rate="0">
                            <lines>
                                <line hits="0" number="7" branch="false"/>
                            </lines>
                        </method>
                        <method name="execenv::run_process::exec_proc::{closure#0}" signature="" complexity="0" line-rate="1" branch-rate="1">
                            <lines>
                                <line hits="1" number="7" branch="false"/>
                            </lines>
                        </method>
                        <method name="execenv::run_process::tests::failed_to_execute::{closure#0}" signature="" complexity="0" line-rate="1" branch-rate="1">
                            <lines>
                                <line hits="1" number="20" branch="false"/>
                            </lines>
                        </method>
                        <method name="execenv::run_process::exec_proc" signature="" complexity="0" line-rate="0" branch-rate="0">
                            <lines>
                                <line hits="0" number="4" branch="false"/>
                            </lines>
                        </method>
                        <method name="execenv::run_process::exec_proc" signature="" complexity="0" line-rate="1" branch-rate="1">
                            <lines>
                                <line hits="1" number="4" branch="false"/>
                            </lines>
                        </method>
                        <method name="execenv::run_process::tests::failed_to_execute" signature="" complexity="0" line-rate="1" branch-rate="1">
                            <lines>
                                <line hits="1" number="16" branch="false"/>
                            </lines>
                        </method>
                    </methods>
                    <lines>
                        <line branch="false" hits="1" number="4"/>
                        <line branch="false" hits="1" number="5"/>
                        <line branch="false" hits="1" number="7"/>
                        <line branch="false" hits="1" number="8"/>
                        <line branch="false" hits="1" number="16"/>
                        <line branch="false" hits="1" number="17"/>
                        <line branch="false" hits="1" number="18"/>
                        <line branch="false" hits="1" number="19"/>
                        <line branch="false" hits="1" number="20"/>
                        <line branch="false" hits="1" number="21"/>
                    </lines>
                </class>
                <class branch-rate="0" complexity="0" filename="src/envsubst.rs" line-rate="0.8945147679324894" name="src.envsubst.rs">
                    <methods>
                        <method name="execenv::envsubst::substitute::&lt;std::fs::File, &amp;mut std::io::buffered::bufwriter::BufWriter&lt;std::fs::File&gt;, execenv::envsubst::get_env&gt;" signature="" complexity="0" line-rate="1" branch-rate="1">
                            <lines>
                                <line hits="1" number="63" branch="false"/>
                            </lines>
                        </method>
                        <method name="execenv::envsubst::process_env::&lt;execenv::envsubst::get_env&gt;" signature="" complexity="0" line-rate="1" branch-rate="1">
                            <lines>
                                <line hits="1" number="137" branch="false"/>
                            </lines>
                        </method>
                        <method name="execenv::envsubst::substitute::&lt;&amp;[u8], &amp;mut std::io::cursor::Cursor&lt;alloc::vec::Vec&lt;u8&gt;&gt;, execenv::envsubst::tests::normal_substitution::{closure#0}&gt;" signature="" complexity="0" line-rate="1" branch-rate="1">
                            <lines>
                                <line hits="1" number="63" branch="false"/>
                            </lines>
                        </method>
                        <method name="execenv::envsubst::substitute::&lt;&amp;[u8], &amp;mut std::io::cursor::Cursor&lt;alloc::vec::Vec&lt;u8&gt;&gt;, execenv::envsubst::tests::missing_var_keep_mode::{closure#0}&gt;" signature="" complexity="0" line-rate="1" branch-rate="1">
                            <lines>
                                <line hits="1" number="63" branch="false"/>
                            </lines>
                        </method>
                        <method name="execenv::envsubst::substitute::&lt;&amp;[u8], &amp;mut std::io::cursor::Cursor&lt;alloc::vec::Vec&lt;u8&gt;&gt;, execenv::envsubst::tests::missing_var_empty_mode::{closure#0}&gt;" signature="" complexity="0" line-rate="1" branch-rate="1">
                            <lines>
                                <line hits="1" number="63" branch="false"/>
                            </lines>
                        </method>
                        <method name="execenv::envsubst::substitute::&lt;&amp;[u8], &amp;mut std::io::cursor::Cursor&lt;alloc::vec::Vec&lt;u8&gt;&gt;, execenv::envsubst::tests::missing_var_error_mode::{closure#0}&gt;" signature="" complexity="0" line-rate="1" branch-rate="1">
                            <lines>
                                <line hits="1" number="63" branch="false"/>
                            </lines>
                        </method>
                        <method name="execenv::envsubst::substitute::&lt;&amp;[u8], &amp;mut std::io::cursor::Cursor&lt;alloc::vec::Vec&lt;u8&gt;&gt;, execenv::envsubst::tests::multibyte_utf8_survives_tiny_reads::{closure#0}&gt;" signature="" complexity="0" line-rate="1" branch-rate="1">
                            <lines>
                                <line hits="1" number="63" branch="false"/>
                            </lines>
                        </method>
                        <method name="execenv::envsubst::substitute::&lt;&amp;[u8], &amp;mut std::io::cursor::Cursor&lt;alloc::vec::Vec&lt;u8&gt;&gt;, execenv::envsubst::get_env&gt;" signature="" complexity="0" line-rate="1" branch-rate="1">
                            <lines>
                                <line hits="3" number="63" branch="false"/>
                            </lines>
                        </method>
                        <method name="execenv::envsubst::process_env::&lt;execenv::envsubst::tests::normal_substitution::{closure#0}&gt;" signature="" complexity="0" line-rate="1" branch-rate="1">
                            <lines>
                                <line hits="1" number="137" branch="false"/>
                            </lines>
                        </method>
                        <method name="execenv::envsubst::process_env::&lt;execenv::envsubst::tests::missing_var_keep_mode::{closure#0}&gt;" signature="" complexity="0" line-rate="1" branch-rate="1">
                            <lines>
                                <line hits="1" number="137" branch="false"/>
                            </lines>
                        </method>
                        <method name="execenv::envsubst::process_env::&lt;execenv::envsubst::tests::missing_var_empty_mode::{closure#0}&gt;" signature="" complexity="0" line-rate="1" branch-rate="1">
                            <lines>
                                <line hits="1" number="137" branch="false"/>
                            </lines>
                        </method>
                        <method name="execenv::envsubst::process_env::&lt;execenv::envsubst::tests::missing_var_error_mode::{closure#0}&gt;" signature="" complexity="0" line-rate="1" branch-rate="1">
                            <lines>
                                <line hits="1" number="137" branch="false"/>
                            </lines>
                        </method>
                        <method name="execenv::envsubst::process_env::&lt;execenv::envsubst::tests::multibyte_utf8_survives_tiny_reads::{closure#0}&gt;" signature="" complexity="0" line-rate="1" branch-rate="1">
                            <lines>
                                <line hits="1" number="137" branch="false"/>
                            </lines>
                        </method>
                        <method name="execenv::envsubst::process_env::&lt;execenv::envsubst::get_env&gt;" signature="" complexity="0" line-rate="0" branch-rate="0">
                            <lines>
                                <line hits="0" number="137" branch="false"/>
                            </lines>
                        </method>
                        <method name="execenv::envsubst::envsubst::{closure#2}::{closure#0}" signature="" complexity="0" line-rate="0" branch-rate="0">
                            <lines>
                                <line hits="0" number="47" branch="false"/>
                            </lines>
                        </method>
                        <method name="execenv::envsubst::envsubst::{closure#3}::{closure#0}" signature="" complexity="0" line-rate="0" branch-rate="0">
                            <lines>
                                <line hits="0" number="50" branch="false"/>
                            </lines>
                        </method>
                        <method name="execenv::envsubst::envsubst::{closure#2}::{closure#0}" signature="" complexity="0" line-rate="0" branch-rate="0">
                            <lines>
                                <line hits="0" number="47" branch="false"/>
                            </lines>
                        </method>
                        <method name="execenv::envsubst::envsubst::{closure#3}::{closure#0}" signature="" complexity="0" line-rate="0" branch-rate="0">
                            <lines>
                                <line hits="0" number="50" branch="false"/>
                            </lines>
                        </method>
                        <method name="execenv::envsubst::envsubst::{closure#0}" signature="" complexity="0" line-rate="0" branch-rate="0">
                            <lines>
                                <line hits="0" number="33" branch="false"/>
                            </lines>
                        </method>
                        <method name="execenv::envsubst::envsubst::{closure#2}" signature="" complexity="0" line-rate="0" branch-rate="0">
                            <lines>
                                <line hits="0" number="44" branch="false"/>
                            </lines>
                        </method>
                        <method name="execenv::envsubst::envsubst::{closure#3}" signature="" complexity="0" line-rate="0" branch-rate="0">
                            <lines>
                                <line hits="0" number="49" branch="false"/>
                            </lines>
                        </method>
                        <method name="execenv::envsubst::envsubst::{closure#4}" signature="" complexity="0" line-rate="1" branch-rate="1">
                            <lines>
                                <line hits="1" number="58" branch="false"/>
                            </lines>
                        </method>
                        <method name="execenv::envsubst::envsubst::{closure#1}" signature="" complexity="0" line-rate="0" branch-rate="0">
                            <lines>
                                <line hits="0" number="34" branch="false"/>
                            </lines>
                        </method>
                        <method name="execenv::envsubst::envsubst::{closure#0}" signature="" complexity="0" line-rate="0" branch-rate="0">
                            <lines>
                                <line hits="0" number="33" branch="false"/>
                            </lines>
                        </method>
                        <method name="execenv::envsubst::envsubst::{closure#2}" signature="" complexity="0" line-rate="0" branch-rate="0">
                            <lines>
                                <line hits="0" number="44" branch="false"/>
                            </lines>
                        </method>
                        <method name="execenv::envsubst::envsubst::{closure#3}" signature="" complexity="0" line-rate="0" branch-rate="0">
                            <lines>
                                <line hits="0" number="49" branch="false"/>
                            </lines>
                        </method>
                        <method name="execenv::envsubst::envsubst::{closure#4}" signature="" complexity="0" line-rate="0" branch-rate="0">
                            <lines>
                                <line hits="0" number="58" branch="false"/>
                            </lines>
                        </method>
                        <method name="execenv::envsubst::envsubst::{closure#1}" signature="" complexity="0" line-rate="0" branch-rate="0">
                            <lines>
                                <line hits="0" number="34" branch="false"/>
                            </lines>
                        </method>
                        <method name="execenv::envsubst::tests::normal_substitution::{closure#0}" signature="" complexity="0" line-rate="1" branch-rate="1">
                            <lines>
                                <line hits="1" number="274" branch="false"/>
                            </lines>
                        </method>
                        <method name="execenv::envsubst::tests::missing_var_keep_mode::{closure#0}" signature="" complexity="0" line-rate="1" branch-rate="1">
                            <lines>
                                <line hits="1" number="230" branch="false"/>
                            </lines>
                        </method>
                        <method name="execenv::envsubst::tests::missing_var_empty_mode::{closure#0}" signature="" complexity="0" line-rate="1" branch-rate="1">
                            <lines>
                                <line hits="1" number="188" branch="false"/>
                            </lines>
                        </method>
                        <method name="execenv::envsubst::tests::missing_var_error_mode::{closure#0}" signature="" complexity="0" line-rate="1" branch-rate="1">
                            <lines>
                                <line hits="1" number="210" branch="false"/>
                            </lines>
                        </method>
                        <method name="execenv::envsubst::tests::missing_var_error_mode::{closure#1}" signature="" complexity="0" line-rate="1" branch-rate="1">
                            <lines>
                                <line hits="1" number="223" branch="false"/>
                            </lines>
                        </method>
                        <method name="execenv::envsubst::tests::multibyte_utf8_survives_tiny_reads::{closure#0}" signature="" complexity="0" line-rate="1" branch-rate="1">
                            <lines>
                                <line hits="1" number="252" branch="false"/>
                            </lines>
                        </method>
                        <method name="execenv::envsubst::flush_pending_state" signature="" complexity="0" line-rate="0" branch-rate="0">
                            <lines>
                                <line hits="0" number="156" branch="false"/>
                            </lines>
                        </method>
                        <method name="execenv::envsubst::get_env" signature="" complexity="0" line-rate="1" branch-rate="1">
                            <lines>
                                <line hits="1" number="129" branch="false"/>
                            </lines>
                        </method>
                        <method name="execenv::envsubst::envsubst" signature="" complexity="0" line-rate="1" branch-rate="1">
                            <lines>
                                <line hits="1" number="26" branch="false"/>
                            </lines>
                        </method>
                        <method name="execenv::envsubst::flush_pending_state" signature="" complexity="0" line-rate="1" branch-rate="1">
                            <lines>
                                <line hits="7" number="156" branch="false"/>
                            </lines>
                        </method>
                        <method name="execenv::envsubst::get_env" signature="" complexity="0" line-rate="0" branch-rate="0">
                            <lines>
                                <line hits="0" number="129" branch="false"/>
                            </lines>
                        </method>
                        <method name="execenv::envsubst::envsubst" signature="" complexity="0" line-rate="0" branch-rate="0">
                            <lines>
                                <line hits="0" number="26" branch="false"/>
                            </lines>
                        </method>
                        <method name="execenv::envsubst::tests::normal_substitution" signature="" complexity="0" line-rate="1" branch-rate="1">
                            <lines>
                                <line hits="1" number="271" branch="false"/>
                            </lines>
                        </method>
                        <method name="execenv::envsubst::tests::missing_var_keep_mode" signature="" complexity="0" line-rate="1" branch-rate="1">
                            <lines>
                                <line hits="1" number="227" branch="false"/>
                            </lines>
                        </method>
                        <method name="execenv::envsubst::tests::missing_var_empty_mode" signature="" complexity="0" line-rate="1" branch-rate="1">
                            <lines>
                                <line hits="1" number="185" branch="false"/>
                            </lines>
                        </method>
                        <method name="execenv::envsubst::tests::missing_var_error_mode" signature="" complexity="0" line-rate="1" branch-rate="1">
                            <lines>
                                <line hits="1" number="207" branch="false"/>
                            </lines>
                        </method>
                        <method name="execenv::envsubst::tests::overflow_env_name_preserved" signature="" complexity="0" line-rate="1" branch-rate="1">
                            <lines>
                                <line hits="1" number="293" branch="false"/>
                            </lines>
                        </method>
                        <method name="execenv::envsubst::tests::multibyte_utf8_survives_tiny_reads" signature="" complexity="0" line-rate="1" branch-rate="1">
                            <lines>
                                <line hits="1" number="249" branch="false"/>
                            </lines>
                        </method>
                        <method name="execenv::envsubst::tests::trailing_dollar_at_eof_is_preserved" signature="" complexity="0" line-rate="1" branch-rate="1">
                            <lines>
                                <line hits="1" number="308" branch="false"/>
                            </lines>
                        </method>
                        <method name="execenv::envsubst::tests::unterminated_brace_at_eof_is_preserved" signature="" complexity="0" line-rate="1" branch-rate="1">
                            <lines>
                                <line hits="1" number="323" branch="false"/>
                            </lines>
                        </method>
                    </methods>
                    <lines>
                        <line branch="false" hits="1" number="26"/>
                        <line branch="false" hits="1" number="27"/>
                        <line branch="false" hits="1" number="28"/>
                        <line branch="false" hits="1" number="29"/>
                        <line branch="false" hits="1" number="30"/>
                        <line branch="false" hits="1" number="31"/>
                        <line branch="false" hits="1" number="32"/>
                        <line branch="false" hits="1" number="33"/>
                        <line branch="false" hits="1" number="34"/>
                        <line branch="false" hits="0" number="35"/>
                        <line branch="false" hits="0" number="36"/>
                        <line branch="false" hits="0" number="37"/>
                        <line branch="false" hits="0" number="39"/>
                        <line branch="false" hits="1" number="40"/>
                        <line branch="false" hits="1" number="41"/>
                        <line branch="false" hits="1" number="43"/>
                        <line branch="false" hits="1" number="44"/>
                        <line branch="false" hits="0" number="45"/>
                        <line branch="false" hits="0" number="46"/>
                        <line branch="false" hits="0" number="47"/>
                        <line branch="false" hits="0" number="48"/>
                        <line branch="false" hits="1" number="49"/>
                        <line branch="false" hits="0" number="50"/>
                        <line branch="false" hits="0" number="51"/>
                        <line branch="false" hits="0" number="52"/>
                        <line branch="false" hits="0" number="53"/>
                        <line branch="false" hits="0" number="54"/>
                        <line branch="false" hits="0" number="56"/>
                        <line branch="false" hits="0" number="57"/>
                        <line branch="false" hits="1" number="58"/>
                        <line branch="false" hits="1" number="59"/>
                        <line branch="false" hits="1" number="60"/>
                        <line branch="false" hits="1" number="61"/>
                        <line branch="false" hits="9" number="63"/>
                        <line branch="false" hits="9" number="64"/>
                        <line branch="false" hits="9" number="65"/>
                        <line branch="false" hits="9" number="66"/>
                        <line branch="false" hits="9" number="67"/>
                        <line branch="false" hits="9" number="68"/>
                        <line branch="false" hits="9" number="69"/>
                        <line branch="false" hits="9" number="70"/>
                        <line branch="false" hits="9" number="71"/>
                        <line branch="false" hits="9" number="72"/>
                        <line branch="false" hits="9" number="74"/>
                        <line branch="false" hits="9" number="75"/>
                        <line branch="false" hits="9" number="76"/>
                        <line branch="false" hits="9" number="77"/>
                        <line branch="false" hits="9" number="78"/>
                        <line branch="false" hits="318" number="80"/>
                        <line branch="false" hits="311" number="81"/>
                        <line branch="false" hits="313" number="82"/>
                        <line branch="false" hits="313" number="83"/>
                        <line branch="false" hits="222" number="85"/>
                        <line branch="false" hits="9" number="86"/>
                        <line branch="false" hits="9" number="87"/>
                        <line branch="false" hits="213" number="88"/>
                        <line branch="false" hits="213" number="89"/>
                        <line branch="false" hits="8" number="92"/>
                        <line branch="false" hits="8" number="93"/>
                        <line branch="false" hits="8" number="94"/>
                        <line branch="false" hits="0" number="95"/>
                        <line branch="false" hits="0" number="96"/>
                        <line branch="false" hits="0" number="97"/>
                        <line branch="false" hits="0" number="98"/>
                        <line branch="false" hits="83" number="101"/>
                        <line branch="false" hits="1" number="102"/>
                        <line branch="false" hits="1" number="103"/>
                        <line branch="false" hits="1" number="104"/>
                        <line branch="false" hits="1" number="105"/>
                        <line branch="false" hits="1" number="106"/>
                        <line branch="false" hits="1" number="107"/>
                        <line branch="false" hits="82" number="108"/>
                        <line branch="false" hits="6" number="109"/>
                        <line branch="false" hits="4" number="110"/>
                        <line branch="false" hits="6" number="111"/>
                        <line branch="false" hits="4" number="112"/>
                        <line branch="false" hits="4" number="113"/>
                        <line branch="false" hits="4" number="114"/>
                        <line branch="false" hits="76" number="115"/>
                        <line branch="false" hits="76" number="116"/>
                        <line branch="false" hits="76" number="117"/>
                        <line branch="false" hits="309" number="121"/>
                        <line branch="false" hits="309" number="122"/>
                        <line branch="false" hits="7" number="124"/>
                        <line branch="false" hits="7" number="125"/>
                        <line branch="false" hits="7" number="126"/>
                        <line branch="false" hits="9" number="127"/>
                        <line branch="false" hits="1" number="129"/>
                        <line branch="false" hits="1" number="130"/>
                        <line branch="false" hits="1" number="131"/>
                        <line branch="false" hits="0" number="132"/>
                        <line branch="false" hits="1" number="133"/>
                        <line branch="false" hits="1" number="135"/>
                        <line branch="false" hits="6" number="137"/>
                        <line branch="false" hits="6" number="138"/>
                        <line branch="false" hits="6" number="139"/>
                        <line branch="false" hits="6" number="140"/>
                        <line branch="false" hits="6" number="141"/>
                        <line branch="false" hits="6" number="142"/>
                        <line branch="false" hits="6" number="143"/>
                        <line branch="false" hits="1" number="144"/>
                        <line branch="false" hits="5" number="145"/>
                        <line branch="false" hits="1" number="146"/>
                        <line branch="false" hits="2" number="147"/>
                        <line branch="false" hits="2" number="148"/>
                        <line branch="false" hits="2" number="149"/>
                        <line branch="false" hits="2" number="150"/>
                        <line branch="false" hits="2" number="151"/>
                        <line branch="false" hits="6" number="154"/>
                        <line branch="false" hits="7" number="156"/>
                        <line branch="false" hits="7" number="157"/>
                        <line branch="false" hits="5" number="158"/>
                        <line branch="false" hits="1" number="160"/>
                        <line branch="false" hits="1" number="161"/>
                        <line branch="false" hits="1" number="162"/>
                        <line branch="false" hits="1" number="164"/>
                        <line branch="false" hits="1" number="165"/>
                        <line branch="false" hits="1" number="166"/>
                        <line branch="false" hits="1" number="167"/>
                        <line branch="false" hits="1" number="168"/>
                        <line branch="false" hits="7" number="170"/>
                        <line branch="false" hits="1" number="185"/>
                        <line branch="false" hits="1" number="186"/>
                        <line branch="false" hits="1" number="187"/>
                        <line branch="false" hits="1" number="188"/>
                        <line branch="false" hits="1" number="189"/>
                        <line branch="false" hits="0" number="190"/>
                        <line branch="false" hits="1" number="192"/>
                        <line branch="false" hits="1" number="194"/>
                        <line branch="false" hits="1" number="195"/>
                        <line branch="false" hits="1" number="196"/>
                        <line branch="false" hits="1" number="197"/>
                        <line branch="false" hits="1" number="198"/>
                        <line branch="false" hits="1" number="199"/>
                        <line branch="false" hits="1" number="201"/>
                        <line branch="false" hits="1" number="202"/>
                        <line branch="false" hits="1" number="203"/>
                        <line branch="false" hits="1" number="204"/>
                        <line branch="false" hits="1" number="207"/>
                        <line branch="false" hits="1" number="208"/>
                        <line branch="false" hits="1" number="209"/>
                        <line branch="false" hits="1" number="210"/>
                        <line branch="false" hits="1" number="211"/>
                        <line branch="false" hits="0" number="212"/>
                        <line branch="false" hits="1" number="214"/>
                        <line branch="false" hits="1" number="216"/>
                        <line branch="false" hits="1" number="217"/>
                        <line branch="false" hits="1" number="218"/>
                        <line branch="false" hits="1" number="219"/>
                        <line branch="false" hits="1" number="220"/>
                        <line branch="false" hits="1" number="221"/>
                        <line branch="false" hits="1" number="223"/>
                        <line branch="false" hits="1" number="224"/>
                        <line branch="false" hits="1" number="227"/>
                        <line branch="false" hits="1" number="228"/>
                        <line branch="false" hits="1" number="229"/>
                        <line branch="false" hits="1" number="230"/>
                        <line branch="false" hits="1" number="231"/>
                        <line branch="false" hits="0" number="232"/>
                        <line branch="false" hits="1" number="234"/>
                        <line branch="false" hits="1" number="236"/>
                        <line branch="false" hits="1" number="237"/>
                        <line branch="false" hits="1" number="238"/>
                        <line branch="false" hits="1" number="239"/>
                        <line branch="false" hits="1" number="240"/>
                        <line branch="false" hits="1" number="241"/>
                        <line branch="false" hits="1" number="243"/>
                        <line branch="false" hits="1" number="244"/>
                        <line branch="false" hits="1" number="245"/>
                        <line branch="false" hits="1" number="246"/>
                        <line branch="false" hits="1" number="249"/>
                        <line branch="false" hits="1" number="250"/>
                        <line branch="false" hits="1" number="251"/>
                        <line branch="false" hits="1" number="252"/>
                        <line branch="false" hits="1" number="253"/>
                        <line branch="false" hits="0" number="254"/>
                        <line branch="false" hits="1" number="256"/>
                        <line branch="false" hits="1" number="258"/>
                        <line branch="false" hits="1" number="259"/>
                        <line branch="false" hits="1" number="260"/>
                        <line branch="false" hits="1" number="261"/>
                        <line branch="false" hits="1" number="262"/>
                        <line branch="false" hits="1" number="263"/>
                        <line branch="false" hits="1" number="265"/>
                        <line branch="false" hits="1" number="266"/>
                        <line branch="false" hits="1" number="267"/>
                        <line branch="false" hits="1" number="268"/>
                        <line branch="false" hits="1" number="271"/>
                        <line branch="false" hits="1" number="272"/>
                        <line branch="false" hits="1" number="273"/>
                        <line branch="false" hits="1" number="274"/>
                        <line branch="false" hits="1" number="275"/>
                        <line branch="false" hits="1" number="276"/>
                        <line branch="false" hits="0" number="278"/>
                        <line branch="false" hits="1" number="280"/>
                        <line branch="false" hits="1" number="281"/>
                        <line branch="false" hits="1" number="282"/>
                        <line branch="false" hits="1" number="283"/>
                        <line branch="false" hits="1" number="284"/>
                        <line branch="false" hits="1" number="285"/>
                        <line branch="false" hits="1" number="287"/>
                        <line branch="false" hits="1" number="288"/>
                        <line branch="false" hits="1" number="289"/>
                        <line branch="false" hits="1" number="290"/>
                        <line branch="false" hits="1" number="293"/>
                        <line branch="false" hits="1" number="294"/>
                        <line branch="false" hits="1" number="295"/>
                        <line branch="false" hits="1" number="296"/>
                        <line branch="false" hits="1" number="297"/>
                        <line branch="false" hits="1" number="298"/>
                        <line branch="false" hits="1" number="299"/>
                        <line branch="false" hits="1" number="302"/>
                        <line branch="false" hits="1" number="303"/>
                        <line branch="false" hits="1" number="304"/>
                        <line branch="false" hits="1" number="305"/>
                        <line branch="false" hits="1" number="308"/>
                        <line branch="false" hits="1" number="309"/>
                        <line branch="false" hits="1" number="310"/>
                        <line branch="false" hits="1" number="311"/>
                        <line branch="false" hits="1" number="312"/>
                        <line branch="false" hits="1" number="313"/>
                        <line branch="false" hits="1" number="314"/>
                        <line branch="false" hits="1" number="317"/>
                        <line branch="false" hits="1" number="318"/>
                        <line branch="false" hits="1" number="319"/>
                        <line branch="false" hits="1" number="320"/>
                        <line branch="false" hits="1" number="323"/>
                        <line branch="false" hits="1" number="324"/>
                        <line branch="false" hits="1" number="325"/>
                        <line branch="false" hits="1" number="326"/>
                        <line branch="false" hits="1" number="327"/>
                        <line branch="false" hits="1" number="328"/>
                        <line branch="false" hits="1" number="329"/>
                        <line branch="false" hits="1" number="332"/>
                        <line branch="false" hits="1" number="333"/>
                        <line branch="false" hits="1" number="334"/>
                        <line branch="false" hits="1" number="335"/>
                    </lines>
                </class>
                <class branch-rate="0" complexity="0" filename="src/cli.rs" line-rate="1" name="src.cli.rs">
                    <methods>
                        <method name="execenv::cli::parse_cli_args" signature="" complexity="0" line-rate="1" branch-rate="1">
                            <lines>
                                <line hits="1" number="61" branch="false"/>
                            </lines>
                        </method>
                        <method name="execenv::cli::parse_cli_args" signature="" complexity="0" line-rate="0" branch-rate="0">
                            <lines>
                                <line hits="0" number="61" branch="false"/>
                            </lines>
                        </method>
                    </methods>
                    <lines>
                        <line branch="false" hits="1" number="61"/>
                        <line branch="false" hits="1" number="62"/>
                        <line branch="false" hits="1" number="63"/>
                    </lines>
                </class>
            </classes>
        </package>
    </packages>
</coverage>